<?xml version="1.0" encoding="UTF-8"?>
<testng-results ignored="0" total="0" passed="0" failed="0" skipped="0">
  <reporter-output>
  </reporter-output>
  <suite started-at="2020-09-19T23:12:20 CDT" name="TestHellowWorld" finished-at="2020-09-19T23:12:20 CDT" duration-ms="5">
    <groups>
    </groups>
    <test started-at="2020-09-19T23:12:20 CDT" name="Command line test" finished-at="2020-09-19T23:12:20 CDT" duration-ms="5">
    </test> <!-- Command line test -->
  </suite> <!-- TestHellowWorld -->
</testng-results>
